[debug] [2020-10-15T14:45:34.584Z] ----------------------------------------------------------------------
[debug] [2020-10-15T14:45:34.586Z] Command:       /Users/viswa/.nvm/versions/node/v10.16.0/bin/node /Users/viswa/.nvm/versions/node/v10.16.0/bin/firebase init hosting
[debug] [2020-10-15T14:45:34.587Z] CLI Version:   8.12.1
[debug] [2020-10-15T14:45:34.587Z] Platform:      darwin
[debug] [2020-10-15T14:45:34.587Z] Node Version:  v10.16.0
[debug] [2020-10-15T14:45:34.588Z] Time:          Thu Oct 15 2020 20:15:34 GMT+0530 (India Standard Time)
[debug] [2020-10-15T14:45:34.588Z] ----------------------------------------------------------------------
[debug] [2020-10-15T14:45:34.588Z] 
[debug] [2020-10-15T14:45:34.603Z] > command requires scopes: ["email","openid","https://www.googleapis.com/auth/cloudplatformprojects.readonly","https://www.googleapis.com/auth/firebase","https://www.googleapis.com/auth/cloud-platform"]
[debug] [2020-10-15T14:45:34.605Z] > authorizing via signed-in user
[info] 
     ######## #### ########  ######## ########     ###     ######  ########
     ##        ##  ##     ## ##       ##     ##  ##   ##  ##       ##
     ######    ##  ########  ######   ########  #########  ######  ######
     ##        ##  ##    ##  ##       ##     ## ##     ##       ## ##
     ##       #### ##     ## ######## ########  ##     ##  ######  ########

You're about to initialize a Firebase project in this directory:

  /Users/viswa/work/kitchen-recipes

Before we get started, keep in mind:

  * You are initializing in an existing Firebase project directory

[info] 
=== Project Setup
[info] 
[info] First, let's associate this project directory with a Firebase project.
[info] You can create multiple project aliases by running firebase use --add, 
[info] but for now we'll just set up a default project.
[info] 
[info] i  .firebaserc already has a default project, using shoppiiiee-5297. 
[debug] [2020-10-15T14:45:34.612Z] >>> HTTP REQUEST GET https://firebase.googleapis.com/v1beta1/projects/shoppiiiee-5297  
 
[debug] [2020-10-15T14:45:35.185Z] <<< HTTP RESPONSE 200 {"content-type":"application/json; charset=UTF-8","vary":"X-Origin, Referer, Origin,Accept-Encoding","date":"Thu, 15 Oct 2020 14:45:35 GMT","server":"ESF","cache-control":"private","x-xss-protection":"0","x-frame-options":"SAMEORIGIN","x-content-type-options":"nosniff","alt-svc":"h3-Q050=\":443\"; ma=2592000,h3-29=\":443\"; ma=2592000,h3-27=\":443\"; ma=2592000,h3-T051=\":443\"; ma=2592000,h3-T050=\":443\"; ma=2592000,h3-Q046=\":443\"; ma=2592000,h3-Q043=\":443\"; ma=2592000,quic=\":443\"; ma=2592000; v=\"46,43\"","accept-ranges":"none","transfer-encoding":"chunked"}
[info] 
=== Hosting Setup
[info] 
[info] Your public directory is the folder (relative to your project directory) that
[info] will contain Hosting assets to be uploaded with firebase deploy. If you
[info] have a build process for your assets, use your build's output directory.
[info] 
